PHASE86_WEATHER_VERIFY
stamp=2026-02-25T15-03-46-827Z
result=PASS

LOG:
unit_station_normalize: PASS
unit_pipeline_independent: PASS
unit_renderer_errtokens: PASS
unit_station_nowaste: PASS
W01: http=200 durMs=54 text="ช่วงเวลา: วันนี้ (25/02/2026) พื้นที่: กรุงเทพมหานคร โอกาสฝน: 40% ช่วงเวลาเสี่ยง: ไม่พบข้อมูลช่วงเวลา (มีเฉพาะรายวัน) อุณหภูมิ: 26–33°C ลม: 10km/h ข้อควรระวัง: อาจมีฝนประปราย"
W02: http=200 durMs=35 text="ช่วงเวลา: วันนี้ (25/02/2026) พื้นที่: กรุงเทพมหานคร โอกาสฝน: 40% ช่วงเวลาเสี่ยง: ไม่พบข้อมูลช่วงเวลา (มีเฉพาะรายวัน) อุณหภูมิ: 26–33°C ลม: 10km/h ข้อควรระวัง: อาจมีฝนประปราย"
W03: http=200 durMs=245 text="ช่วงเวลา: วันนี้ (25/02/2026) พื้นที่: ภูเก็ต ขออภัย ยังไม่มีข้อมูลอากาศสำหรับพื้นที่นี้ในขณะนี้ (ERR:WX_NO_DATA) พื้นที่: กรุงเทพมหานคร โอกาสฝน: 40% ช่วงเวลาเสี่ยง: ไม่พบข้อมูลช่ว…"
W04: http=200 durMs=15 text="ขออภัย ระบบดึงข้อมูลอากาศขัดข้อง กรุณาลองใหม่อีกครั้ง (ERR:WX_UPSTREAM_ERROR)"
W05: http=200 durMs=5 text="ตารางสรุปสภาพอากาศ: | เวลา | สถานี | อุณหภูมิ | RH | ฝน | ลม | จังหวัด | | ---------------- | -------- | -------- | --- | --- | ---- | ------------- | | 2026-02-25 22:03 | ดอนเมือง…"
W06: http=200 durMs=14 text="จังหวัดที่ฝนตกมากสุดในไทย (วันนี้) Top 2 | จังหวัด | %ฝน | สูงสุด | ต่ำสุด | ลม | ทิศลม | คำอธิบาย | | --- | --- | --- | --- | --- | --- | --- | | กรุงเทพมหานคร | 40 | 33°C | 26°C …"
traceFile=phase86-weather-tracev3-2026-02-25T15-03-46-827Z.log

FAILURES:
(none)

EVIDENCE:
- evidence/phase86-weather-tracev3-2026-02-25T15-03-46-827Z.log
- evidence/phase86-weather-2026-02-25T15-03-46-827Z.out.log
- evidence/phase86-weather-2026-02-25T15-03-46-827Z.log
