[ChatTrace] t=http cid=phase8-r…1Z-W01 mode=auto route=in tool=- code=OK ms=0 q='ตอนนี้ กทม ฝนตกไหม' a='ERR:EMPTY'
[ChatTrace] t=http cid=phase8-r…1Z-W01 mode=auto route=weatherGate tool=weatherPipeline code=OK ms=7 q='ตอนนี้ กทม ฝนตกไหม' a='ช่วงเวลา: วันนี้ (23/02/2026) - กรุงเทพมหานคร - โอกาสฝน: 40% - อุณหภูมิ: 26–33°C - ลม: 10km/h — - เวลาอัปเดต: สังเกตการณ์ 2026-02-23 17:24 | พยากรณ์ 2026-02-23 17:24'
[ChatTrace] t=http cid=phase8-r…1Z-W02 mode=auto route=in tool=- code=OK ms=0 q='วันนี้ กทม ฝนจะตกช่วงไหน' a='ERR:EMPTY'
[ChatTrace] t=http cid=phase8-r…1Z-W02 mode=auto route=weatherGate tool=weatherPipeline code=OK ms=2 q='วันนี้ กทม ฝนจะตกช่วงไหน' a='ช่วงเวลา: วันนี้ (23/02/2026) - กรุงเทพมหานคร - โอกาสฝน: 40% - อุณหภูมิ: 26–33°C - ลม: 10km/h — - เวลาอัปเดต: สังเกตการณ์ 2026-02-23 17:24 | พยากรณ์ 2026-02-23 17:24 - วันนี้ (ช่วงเช้า): อ้างอิงสังเกตการณ์ล่าสุด (2026-0…'
[ChatTrace] t=http cid=phase8-r…1Z-W03 mode=auto route=in tool=- code=OK ms=0 q='พรุ่งนี้ เชียงใหม่ ฝนตกไหม' a='ERR:EMPTY'
[ChatTrace] t=http cid=phase8-r…1Z-W03 mode=auto route=weatherGate tool=weatherPipeline code=OK ms=2 q='พรุ่งนี้ เชียงใหม่ ฝนตกไหม' a='ขออภัย ระบบดึงข้อมูลอากาศขัดข้อง กรุณาลองใหม่อีกครั้ง'
[ChatTrace] t=http cid=phase8-r…1Z-W04 mode=auto route=in tool=- code=OK ms=0 q='มะรืน ภูเก็ต อุณหภูมิประมาณเท่าไหร่' a='ERR:EMPTY'
[ChatTrace] t=http cid=phase8-r…1Z-W04 mode=auto route=weatherGate tool=weatherPipeline code=OK ms=1 q='มะรืน ภูเก็ต อุณหภูมิประมาณเท่าไหร่' a='ขออภัย ระบบดึงข้อมูลอากาศขัดข้อง กรุณาลองใหม่อีกครั้ง'
[ChatTrace] t=http cid=phase8-r…1Z-W05 mode=auto route=in tool=- code=OK ms=0 q='กรุงเทพ หลักสี่ และลาดกระบังฝนตกไหม' a='ERR:EMPTY'
[ChatTrace] t=http cid=phase8-r…1Z-W05 mode=auto route=weatherGate tool=weatherPipeline code=OK ms=2 q='กรุงเทพ หลักสี่ และลาดกระบังฝนตกไหม' a='สรุปสภาพอากาศ: กรุงเทพมหานคร (หลักสี่ + ลาดกระบัง) - เขตหลักสี่ ช่วงเวลา: วันนี้ (23/02/2026) - กรุงเทพมหานคร - โอกาสฝน: 40% - อุณหภูมิ: 26–33°C - ลม: 12km/h — - เวลาอัปเดต: สังเกตการณ์ — | พยากรณ์ 2026-02-23 17:24 - เข…'
[ChatTrace] t=http cid=phase8-r…1Z-W06 mode=auto route=in tool=- code=OK ms=0 q='รายชั่วโมง โคราช ฝนตกไหม' a='ERR:EMPTY'
[ChatTrace] t=http cid=phase8-r…1Z-W06 mode=auto route=weatherGate tool=weatherPipeline code=OK ms=1 q='รายชั่วโมง โคราช ฝนตกไหม' a='ขออภัย ระบบดึงข้อมูลอากาศขัดข้อง กรุณาลองใหม่อีกครั้ง'
[ChatTrace] t=http cid=phase8-r…1Z-G07 mode=auto route=in tool=- code=OK ms=0 q='รหัสไปรษณีย์ 10210 อยู่เขตอะไร' a='ERR:EMPTY'
[ChatTrace] t=http cid=phase8-r…1Z-G07 mode=auto route=geo tool=local-tools:thai_geo_tool code=OK ms=24 q='รหัสไปรษณีย์ 10210 อยู่เขตอะไร' a='คำตอบ: ไม่พบข้อมูลภูมิศาสตร์ที่ตรงกับคำค้นหา'
[ChatTrace] t=http cid=phase8-r…1Z-G08 mode=auto route=in tool=- code=OK ms=0 q='บางนา อยู่เขตอะไร' a='ERR:EMPTY'
[ChatTrace] t=http cid=phase8-r…1Z-G08 mode=auto route=geo tool=local-tools:thai_geo_tool code=OK ms=1 q='บางนา อยู่เขตอะไร' a='คำตอบ: กรุณาระบุคำค้นหา'
[ChatTrace] t=http cid=phase8-r…1Z-G09 mode=auto route=in tool=- code=OK ms=0 q='ถนนพหลโยธิน 5 อยู่เขตอะไร' a='ERR:EMPTY'
[ChatTrace] t=http cid=phase8-r…1Z-G09 mode=auto route=geo tool=local-tools:thai_geo_tool code=OK ms=0 q='ถนนพหลโยธิน 5 อยู่เขตอะไร' a='คำตอบ: กรุณาระบุคำค้นหา'
[ChatTrace] t=http cid=phase8-r…1Z-G10 mode=auto route=in tool=- code=OK ms=0 q='ตำบลสุเทพ อยู่จังหวัดอะไร' a='ERR:EMPTY'
[ChatTrace] t=http cid=phase8-r…1Z-G10 mode=auto route=geo tool=local-tools:thai_geo_tool code=OK ms=1 q='ตำบลสุเทพ อยู่จังหวัดอะไร' a='คำตอบ: กรุณาระบุคำค้นหา'
[ChatTrace] t=http cid=phase8-r…1Z-G11 mode=auto route=in tool=- code=OK ms=0 q='บางรัก อยู่จังหวัดอะไร' a='ERR:EMPTY'
[ChatTrace] t=http cid=phase8-r…1Z-G11 mode=auto route=geo tool=local-tools:thai_geo_tool code=OK ms=1 q='บางรัก อยู่จังหวัดอะไร' a='คำตอบ: กรุณาระบุคำค้นหา'
[ChatTrace] t=http cid=phase8-r…1Z-G12 mode=auto route=in tool=- code=OK ms=0 q='บางรัก อยู่ที่ไหน (เขต/อำเภอ/จังหวัด)?' a='ERR:EMPTY'
[ChatTrace] t=http cid=phase8-r…1Z-G12 mode=auto route=geo tool=local-tools:thai_geo_tool code=OK ms=4 q='บางรัก อยู่ที่ไหน (เขต/อำเภอ/จังหวัด)?' a='คำตอบ: ไม่พบข้อมูลภูมิศาสตร์ที่ตรงกับคำค้นหา'
[ChatTrace] t=http cid=phase8-r…1Z-E13 mode=auto route=in tool=- code=OK ms=0 q='เมื่อวาน evidence ได้เท่าไหร่' a='ERR:EMPTY'
[ChatTrace] t=http cid=phase8-r…1Z-E13 mode=auto route=officerEvidence tool=local-tools:detect_evidence_stats code=OK ms=1 q='เมื่อวาน evidence ได้เท่าไหร่' a='0'
[ChatTrace] t=http cid=phase8-r…1Z-E14 mode=auto route=in tool=- code=OK ms=0 q='วันนี้ evidence ได้เท่าไหร่' a='ERR:EMPTY'
[ChatTrace] t=http cid=phase8-r…1Z-E14 mode=auto route=officerEvidence tool=local-tools:detect_evidence_stats code=OK ms=1 q='วันนี้ evidence ได้เท่าไหร่' a='0'
[ChatTrace] t=http cid=phase8-r…1Z-E15 mode=auto route=in tool=- code=OK ms=0 q='เมื่อวาน evidence แยกตาม ISP และใครมากสุด' a='ERR:EMPTY'
[ChatTrace] t=http cid=phase8-r…1Z-E15 mode=auto route=officerEvidence tool=local-tools:detect_evidence_stats code=OK ms=1 q='เมื่อวาน evidence แยกตาม ISP และใครมากสุด' a='0'
[ChatTrace] t=http cid=phase8-r…1Z-E16 mode=auto route=in tool=- code=OK ms=0 q='วันนี้ มี URL detected กี่รายการ' a='ERR:EMPTY'
[ChatTrace] t=http cid=phase8-r…1Z-E16 mode=auto route=officerEvidence tool=innomcp-server:evidenceTool code=OK ms=1 q='วันนี้ มี URL detected กี่รายการ' a='ERR:COUNT_MISSING'
[ChatTrace] t=http cid=phase8-r…1Z-E17 mode=auto route=in tool=- code=OK ms=0 q='ตอนนี้เครื่องออนไลน์กี่เครื่อง' a='ERR:EMPTY'
[ChatTrace] t=http cid=phase8-r…1Z-E17 mode=auto route=officerEvidence tool=local-tools:detect_evidence_stats code=OK ms=1 q='ตอนนี้เครื่องออนไลน์กี่เครื่อง' a='0'
[ChatTrace] t=http cid=phase8-r…1Z-E18 mode=auto route=in tool=- code=OK ms=0 q='วันนี้มีเครื่องที่ evidence active กี่เครื่อง' a='ERR:EMPTY'
[ChatTrace] t=http cid=phase8-r…1Z-E18 mode=auto route=officerEvidence tool=local-tools:detect_evidence_stats code=OK ms=0 q='วันนี้มีเครื่องที่ evidence active กี่เครื่อง' a='0'
[ChatTrace] t=http cid=phase8-r…1Z-N19 mode=auto route=in tool=- code=OK ms=0 q='ช่วยสรุปความแตกต่างระหว่าง AI กับ Machine Learning แบบสั้นๆ' a='ERR:EMPTY'
[ChatTrace] t=http cid=phase8-r…1Z-N19 mode=auto route=general tool=none code=OK ms=1 q='ช่วยสรุปความแตกต่างระหว่าง AI กับ Machine Learning แบบสั้นๆ' a='ได้ครับ คำถามนี้เป็นคำถามทั่วไป ถ้าคุณระบุบริบทเพิ่มอีกนิด (เช่น ต้องการคำตอบแบบสั้น/ยาว, สำหรับงานอะไร) ผมจะตอบให้ตรงจุดมากขึ้นครับ'
[ChatTrace] t=http cid=phase8-r…1Z-N20 mode=auto route=in tool=- code=OK ms=0 q='ขอแนวทางเขียน SOP ให้คนทำตามได้ง่าย' a='ERR:EMPTY'
[ChatTrace] t=http cid=phase8-r…1Z-N20 mode=auto route=general tool=none code=OK ms=0 q='ขอแนวทางเขียน SOP ให้คนทำตามได้ง่าย' a='ได้ครับ คำถามนี้เป็นคำถามทั่วไป ถ้าคุณระบุบริบทเพิ่มอีกนิด (เช่น ต้องการคำตอบแบบสั้น/ยาว, สำหรับงานอะไร) ผมจะตอบให้ตรงจุดมากขึ้นครับ'
[ChatTrace] t=http cid=phase8-r…1Z-N21 mode=auto route=in tool=- code=OK ms=0 q='ช่วยเขียนอีเมลขอเลื่อนนัดประชุมให้สุภาพ 3 ประโยค' a='ERR:EMPTY'
[ChatTrace] t=http cid=phase8-r…1Z-N21 mode=auto route=general tool=none code=OK ms=1 q='ช่วยเขียนอีเมลขอเลื่อนนัดประชุมให้สุภาพ 3 ประโยค' a='ได้ครับ คำถามนี้เป็นคำถามทั่วไป ถ้าคุณระบุบริบทเพิ่มอีกนิด (เช่น ต้องการคำตอบแบบสั้น/ยาว, สำหรับงานอะไร) ผมจะตอบให้ตรงจุดมากขึ้นครับ'
[ChatTrace] t=http cid=phase8-r…1Z-N22 mode=auto route=in tool=- code=OK ms=0 q='RAG คืออะไร และเหมาะกับงานแบบไหน' a='ERR:EMPTY'
[ChatTrace] t=http cid=phase8-r…1Z-N22 mode=auto route=general tool=none code=OK ms=0 q='RAG คืออะไร และเหมาะกับงานแบบไหน' a='RAG คือแนวทางที่ให้ระบบไปค้น/ดึงข้อมูลที่เกี่ยวข้องมาก่อน แล้วค่อยให้โมเดลสรุปตอบจากข้อมูลนั้น เพื่อลดการเดาและตอบให้ตรงบริบทมากขึ้นครับ'
[ChatTrace] t=http cid=phase8-r…1Z-N23 mode=auto route=in tool=- code=OK ms=0 q='อธิบาย Docker คืออะไร สำหรับคนเริ่มต้น' a='ERR:EMPTY'
[ChatTrace] t=http cid=phase8-r…1Z-N23 mode=auto route=general tool=none code=OK ms=1 q='อธิบาย Docker คืออะไร สำหรับคนเริ่มต้น' a='ได้ครับ คำถามนี้เป็นคำถามทั่วไป ถ้าคุณระบุบริบทเพิ่มอีกนิด (เช่น ต้องการคำตอบแบบสั้น/ยาว, สำหรับงานอะไร) ผมจะตอบให้ตรงจุดมากขึ้นครับ'
[ChatTrace] t=http cid=phase8-r…1Z-N24 mode=auto route=in tool=- code=OK ms=0 q='PHASE74_FORCE_TIMEOUT: อธิบายการจัดการงบเวลา (budget) ของโมเดลแบบง่าย' a='ERR:EMPTY'
[ChatTrace] t=http cid=phase8-r…1Z-N24 mode=auto route=general tool=none code=OK ms=1 q='PHASE74_FORCE_TIMEOUT: อธิบายการจัดการงบเวลา (budget) ของโมเดลแบบง่าย' a='ขออภัย ตอนนี้ตอบได้ไม่ทันเวลา ลองระบุคำถามให้แคบลงอีกนิด (เช่น เป้าหมาย/บริบท/ตัวอย่าง) แล้วผมจะสรุปให้สั้นๆ ได้ครับ'
[ChatTrace] t=http cid=phase8-r…1Z-N25 mode=auto route=in tool=- code=OK ms=0 q='ช่วยออกแบบ checklist ตรวจงานก่อน deploy แบบสั้นๆ' a='ERR:EMPTY'
[ChatTrace] t=http cid=phase8-r…1Z-N25 mode=auto route=general tool=none code=OK ms=0 q='ช่วยออกแบบ checklist ตรวจงานก่อน deploy แบบสั้นๆ' a='ได้ครับ คำถามนี้เป็นคำถามทั่วไป ถ้าคุณระบุบริบทเพิ่มอีกนิด (เช่น ต้องการคำตอบแบบสั้น/ยาว, สำหรับงานอะไร) ผมจะตอบให้ตรงจุดมากขึ้นครับ'
