[ChatTrace] t=http cid=phase83-…6Z-G01 mode=auto route=in tool=- code=OK ms=0 q='จัดรูปแบบที่อยู่: 99/1 ซ.1 ถ.สีลม แขวงสีลม เขตบางรัก กทม 10500' a='ERR:EMPTY'
[ChatTrace] t=http cid=phase83-…6Z-G01 mode=auto route=geo tool=local-tools:thai_geo_tool code=OK ms=6 q='จัดรูปแบบที่อยู่: 99/1 ซ.1 ถ.สีลม แขวงสีลม เขตบางรัก กทม 10500' a='คำตอบ: จัดรูปแบบที่อยู่ รายละเอียด: ซอย1 ถนนสีลม เขต: บางรัก แขวง: สีลม จังหวัด: กรุงเทพมหานคร รหัสไปรษณีย์: 10500'
[ChatTrace] t=http cid=phase83-…6Z-G02 mode=auto route=in tool=- code=OK ms=0 q='ตรวจสอบที่อยู่: แขวงสีลม เขตบางรัก กทม 10500 ถูกไหม' a='ERR:EMPTY'
[ChatTrace] t=http cid=phase83-…6Z-G02 mode=auto route=geo tool=local-tools:thai_geo_tool code=OK ms=3 q='ตรวจสอบที่อยู่: แขวงสีลม เขตบางรัก กทม 10500 ถูกไหม' a='คำตอบ: ตรวจสอบแล้วถูกต้อง เขต: บางรัก แขวง: สีลม จังหวัด: กรุงเทพมหานคร รหัสไปรษณีย์: 10500'
[ChatTrace] t=http cid=phase83-…6Z-G03 mode=auto route=in tool=- code=OK ms=0 q='รหัสไปรษณีย์ 10500 อยู่เขตอะไร' a='ERR:EMPTY'
[ChatTrace] t=http cid=phase83-…6Z-G03 mode=auto route=geo tool=local-tools:thai_geo_tool code=OK ms=3 q='รหัสไปรษณีย์ 10500 อยู่เขตอะไร' a='คำตอบ: เขต: บางรัก จังหวัด: กรุงเทพมหานคร รหัสไปรษณีย์: 10500'
[ChatTrace] t=http cid=phase83-…6Z-G04 mode=auto route=in tool=- code=OK ms=0 q='แขวงลุมพินี อยู่เขตอะไร' a='ERR:EMPTY'
[ChatTrace] t=http cid=phase83-…6Z-G04 mode=auto route=geo tool=local-tools:thai_geo_tool code=OK ms=5 q='แขวงลุมพินี อยู่เขตอะไร' a='คำตอบ: เขต: ปทุมวัน แขวง: ลุมพินี จังหวัด: กรุงเทพมหานคร รหัสไปรษณีย์: 10330'
[ChatTrace] t=http cid=phase83-…6Z-G05 mode=auto route=in tool=- code=OK ms=0 q='กทม ลักสี่ อยู่เขตอะไร' a='ERR:EMPTY'
[ChatTrace] t=http cid=phase83-…6Z-G05 mode=auto route=geo tool=local-tools:thai_geo_tool code=OK ms=1 q='กทม ลักสี่ อยู่เขตอะไร' a='คำตอบ: จังหวัด: กรุงเทพมหานคร'
[ChatTrace] t=http cid=phase83-…6Z-G06 mode=auto route=in tool=- code=OK ms=0 q='กรุงเทพฯ เขตลาดกระบัง อยู่จังหวัดอะไร' a='ERR:EMPTY'
[ChatTrace] t=http cid=phase83-…6Z-G06 mode=auto route=geo tool=local-tools:thai_geo_tool code=OK ms=2 q='กรุงเทพฯ เขตลาดกระบัง อยู่จังหวัดอะไร' a='คำตอบ: เขต: ลาดกระบัง จังหวัด: กรุงเทพมหานคร'
[ChatTrace] t=http cid=phase83-…6Z-G07 mode=auto route=in tool=- code=OK ms=0 q='อำเภอเมือง อยู่จังหวัดไหน' a='ERR:EMPTY'
[ChatTrace] t=http cid=phase83-…6Z-G07 mode=auto route=geo tool=local-tools:thai_geo_tool code=OK ms=1 q='อำเภอเมือง อยู่จังหวัดไหน' a='คำถาม: ต้องการอยู่จังหวัดไหนครับ? 1) จังหวัดขอนแก่น (ขอนแก่น) 2) จังหวัดนครศรีธรรมราช (นครศรีธรรมราช) 3) อื่นๆ (กรุณาระบุเพิ่ม)'
[ChatTrace] t=http cid=phase83-…6Z-G08 mode=auto route=in tool=- code=OK ms=0 q='บ้านใหม่ อยู่จังหวัดไหน' a='ERR:EMPTY'
[ChatTrace] t=http cid=phase83-…6Z-G08 mode=auto route=geo tool=local-tools:thai_geo_tool code=OK ms=1 q='บ้านใหม่ อยู่จังหวัดไหน' a='คำถาม: ต้องการอยู่จังหวัดไหนครับ? 1) ตำบลบ้านใหม่ (อำเภอเมืองปทุมธานี ปทุมธานี) 2) ตำบลบ้านใหม่ (อำเภอบางไทร พระนครศรีอยุธยา) 3) ตำบลบ้านใหม่ (อำเภอเมืองเชียงราย เชียงราย)'
[ChatTrace] t=http cid=phase83-…6Z-G09 mode=auto route=in tool=- code=OK ms=0 q='หนองบัว อยู่ที่ไหน' a='ERR:EMPTY'
[ChatTrace] t=http cid=phase83-…6Z-G09 mode=auto route=geo tool=local-tools:thai_geo_tool code=OK ms=5 q='หนองบัว อยู่ที่ไหน' a='คำถาม: ต้องการอยู่จังหวัดไหนครับ? 1) ตำบลหนองบัว (อำเภอคลองหลวง ปทุมธานี) 2) ตำบลหนองบัว (อำเภอชุมแพ ขอนแก่น) 3) ตำบลหนองบัว (อำเภอวารินชำราบ อุบลราชธานี)'
[ChatTrace] t=http cid=phase83-…6Z-G10 mode=auto route=in tool=- code=OK ms=0 q='ท่าช้าง อยู่จังหวัดไหน' a='ERR:EMPTY'
[ChatTrace] t=http cid=phase83-…6Z-G10 mode=auto route=geo tool=local-tools:thai_geo_tool code=OK ms=1 q='ท่าช้าง อยู่จังหวัดไหน' a='คำถาม: ต้องการอยู่จังหวัดไหนครับ? 1) ตำบลท่าช้าง (อำเภอบางกล่ำ สงขลา) 2) ตำบลท่าช้าง (อำเภอเมืองนครศรีธรรมราช นครศรีธรรมราช) 3) ตำบลท่าช้าง (อำเภอบางไทร พระนครศรีอยุธยา)'
[ChatTrace] t=http cid=phase83-…6Z-G11 mode=auto route=in tool=- code=OK ms=0 q='จังหวัดลอนดอน อยู่ภาคอะไร' a='ERR:EMPTY'
[ChatTrace] t=http cid=phase83-…6Z-G11 mode=auto route=geo tool=local-tools:thai_geo_tool code=OK ms=34 q='จังหวัดลอนดอน อยู่ภาคอะไร' a='ไม่พบข้อมูล: ไม่พบข้อมูลภูมิศาสตร์ที่ตรงกับคำค้นหา ตัวอย่าง: 1) จังหวัดเชียงใหม่ 2) เขตบางรัก กรุงเทพมหานคร 10500'
[ChatTrace] t=http cid=phase83-…6Z-G12 mode=auto route=in tool=- code=OK ms=0 q='รหัสไปรษณีย์ 99999 อยู่ที่ไหน' a='ERR:EMPTY'
[ChatTrace] t=http cid=phase83-…6Z-G12 mode=auto route=geo tool=local-tools:thai_geo_tool code=OK ms=3 q='รหัสไปรษณีย์ 99999 อยู่ที่ไหน' a='ไม่พบข้อมูล: ไม่พบข้อมูลภูมิศาสตร์ที่ตรงกับคำค้นหา ตัวอย่าง: 1) จังหวัดเชียงใหม่ 2) เขตบางรัก กรุงเทพมหานคร 10500'
[ChatTrace] t=http cid=phase83-…6Z-G13 mode=auto route=in tool=- code=OK ms=0 q='ตำบลไม่มีจริง อยู่จังหวัดไหน' a='ERR:EMPTY'
[ChatTrace] t=http cid=phase83-…6Z-G13 mode=auto route=geo tool=local-tools:thai_geo_tool code=OK ms=5 q='ตำบลไม่มีจริง อยู่จังหวัดไหน' a='ไม่พบข้อมูล: ไม่พบข้อมูลภูมิศาสตร์ที่ตรงกับคำค้นหา ตัวอย่าง: 1) จังหวัดเชียงใหม่ 2) เขตบางรัก กรุงเทพมหานคร 10500'
[ChatTrace] t=http cid=phase83-…6Z-G14 mode=auto route=in tool=- code=OK ms=0 q='โคราช อยู่จังหวัดอะไร' a='ERR:EMPTY'
[ChatTrace] t=http cid=phase83-…6Z-G14 mode=auto route=geo tool=local-tools:thai_geo_tool code=OK ms=1 q='โคราช อยู่จังหวัดอะไร' a='คำตอบ: จังหวัด: นครราชสีมา'
[ChatTrace] t=http cid=phase83-…6Z-G15 mode=auto route=in tool=- code=OK ms=0 q='เจียงใหม่ อยู่จังหวัดอะไร' a='ERR:EMPTY'
[ChatTrace] t=http cid=phase83-…6Z-G15 mode=auto route=geo tool=local-tools:thai_geo_tool code=OK ms=2 q='เจียงใหม่ อยู่จังหวัดอะไร' a='คำตอบ: จังหวัด: เชียงใหม่'
[ChatTrace] t=http cid=phase83-…6Z-G16 mode=auto route=in tool=- code=OK ms=0 q='จตุจักร อยู่จังหวัดอะไร' a='ERR:EMPTY'
[ChatTrace] t=http cid=phase83-…6Z-G16 mode=auto route=geo tool=local-tools:thai_geo_tool code=OK ms=1 q='จตุจักร อยู่จังหวัดอะไร' a='คำตอบ: เขต: จตุจักร จังหวัด: กรุงเทพมหานคร'
[ChatTrace] t=http cid=phase83-…6Z-G17 mode=auto route=in tool=- code=OK ms=0 q='กรุงเทพ เขตปทุมวัน' a='ERR:EMPTY'
[ChatTrace] t=http cid=phase83-…6Z-G17 mode=auto route=geo tool=local-tools:thai_geo_tool code=OK ms=3 q='กรุงเทพ เขตปทุมวัน' a='คำตอบ: เขต: ปทุมวัน จังหวัด: กรุงเทพมหานคร'
[ChatTrace] t=http cid=phase83-…6Z-G18 mode=auto route=in tool=- code=OK ms=0 q='พิกัดของภูเก็ตอยู่ที่ไหน' a='ERR:EMPTY'
[ChatTrace] t=http cid=phase83-…6Z-G18 mode=auto route=geo tool=local-tools:thai_geo_tool code=OK ms=3 q='พิกัดของภูเก็ตอยู่ที่ไหน' a='ไม่พบข้อมูล: ไม่พบข้อมูลภูมิศาสตร์ที่ตรงกับคำค้นหา ตัวอย่าง: 1) จังหวัดเชียงใหม่ 2) เขตบางรัก กรุงเทพมหานคร 10500'
[ChatTrace] t=http cid=phase83-…6Z-W01 mode=auto route=in tool=- code=OK ms=0 q='กทม หลักสี่ และ ลาดกระบัง ตอนนี้ฝนตกไหม' a='ERR:EMPTY'
[ChatTrace] t=http cid=phase83-…6Z-W01 mode=auto route=weatherGate tool=weatherPipeline code=OK ms=5 q='กทม หลักสี่ และ ลาดกระบัง ตอนนี้ฝนตกไหม' a='ช่วงเวลา: วันนี้ (24/02/2026) สรุปสภาพอากาศ: กรุงเทพมหานคร (หลักสี่ + ลาดกระบัง) - เขตหลักสี่ พื้นที่: กรุงเทพมหานคร โอกาสฝน: 40% ช่วงเวลาเสี่ยง: ไม่พบข้อมูลช่วงเวลา (มีเฉพาะรายวัน) อุณหภูมิ: 26–33°C ลม: 10km/h ข้อควรระ…'
[ChatTrace] t=http cid=phase83-…6Z-W02 mode=auto route=in tool=- code=OK ms=0 q='กรุงเทพ เขตหลักสี่, เขตลาดกระบัง วันนี้ฝนจะตกไหม' a='ERR:EMPTY'
[ChatTrace] t=http cid=phase83-…6Z-W02 mode=auto route=weatherGate tool=weatherPipeline code=OK ms=6 q='กรุงเทพ เขตหลักสี่, เขตลาดกระบัง วันนี้ฝนจะตกไหม' a='ช่วงเวลา: วันนี้ (24/02/2026) สรุปสภาพอากาศ: กรุงเทพมหานคร (หลักสี่ + ลาดกระบัง) - เขตหลักสี่ พื้นที่: กรุงเทพมหานคร โอกาสฝน: 40% ช่วงเวลาเสี่ยง: เช้า: สังเกตการณ์ล่าสุด (2026-02-24 11:41) | บ่าย-เย็น: พยากรณ์วันนี้ (20…'
[ChatTrace] t=http cid=phase83-…6Z-W03 mode=auto route=in tool=- code=OK ms=0 q='กรุงเทพมหานคร หลักสี่/ลาดกระบัง พรุ่งนี้อากาศเป็นไง' a='ERR:EMPTY'
[ChatTrace] t=http cid=phase83-…6Z-W03 mode=auto route=weatherGate tool=weatherPipeline code=OK ms=2 q='กรุงเทพมหานคร หลักสี่/ลาดกระบัง พรุ่งนี้อากาศเป็นไง' a='ช่วงเวลา: พรุ่งนี้ (25/02/2026) สรุปสภาพอากาศ: กรุงเทพมหานคร (หลักสี่ + ลาดกระบัง) - เขตหลักสี่ พื้นที่: กรุงเทพมหานคร โอกาสฝน: 30% ช่วงเวลาเสี่ยง: ไม่พบข้อมูลช่วงเวลา (มีเฉพาะรายวัน) อุณหภูมิ: 25–34°C ลม: 10km/h ข้อควร…'
[ChatTrace] t=http cid=phase83-…6Z-W04 mode=auto route=in tool=- code=OK ms=0 q='กทม บางรัก และ ปทุมวัน ตอนนี้ฝนตกไหม' a='ERR:EMPTY'
[ChatTrace] t=http cid=phase83-…6Z-W04 mode=auto route=weatherGate tool=weatherPipeline code=OK ms=4 q='กทม บางรัก และ ปทุมวัน ตอนนี้ฝนตกไหม' a='ช่วงเวลา: วันนี้ (24/02/2026) สรุปสภาพอากาศ: กรุงเทพมหานคร (บางรัก + ปทุมวัน) - เขตบางรัก พื้นที่: กรุงเทพมหานคร โอกาสฝน: 40% ช่วงเวลาเสี่ยง: ไม่พบข้อมูลช่วงเวลา (มีเฉพาะรายวัน) อุณหภูมิ: 26–33°C ลม: 10km/h ข้อควรระวัง:…'
[ChatTrace] t=http cid=phase83-…6Z-W05 mode=auto route=in tool=- code=OK ms=0 q='กทม บางรัก และ จตุจักร วันนี้ฝนตกไหม' a='ERR:EMPTY'
[ChatTrace] t=http cid=phase83-…6Z-W05 mode=auto route=weatherGate tool=weatherPipeline code=OK ms=1 q='กทม บางรัก และ จตุจักร วันนี้ฝนตกไหม' a='ช่วงเวลา: วันนี้ (24/02/2026) สรุปสภาพอากาศ: กรุงเทพมหานคร (บางรัก + จตุจักร) - เขตบางรัก พื้นที่: กรุงเทพมหานคร โอกาสฝน: 40% ช่วงเวลาเสี่ยง: เช้า: สังเกตการณ์ล่าสุด (2026-02-24 11:41) | บ่าย-เย็น: พยากรณ์วันนี้ (2026-0…'
[ChatTrace] t=http cid=phase83-…6Z-W06 mode=auto route=in tool=- code=OK ms=0 q='กรุงเทพมหานคร ปทุมวัน และ จตุจักร ตอนนี้อากาศเป็นไง' a='ERR:EMPTY'
[ChatTrace] t=http cid=phase83-…6Z-W06 mode=auto route=weatherGate tool=weatherPipeline code=OK ms=2 q='กรุงเทพมหานคร ปทุมวัน และ จตุจักร ตอนนี้อากาศเป็นไง' a='ช่วงเวลา: วันนี้ (24/02/2026) สรุปสภาพอากาศ: กรุงเทพมหานคร (ปทุมวัน + จตุจักร) - เขตปทุมวัน พื้นที่: กรุงเทพมหานคร โอกาสฝน: 40% ช่วงเวลาเสี่ยง: ไม่พบข้อมูลช่วงเวลา (มีเฉพาะรายวัน) อุณหภูมิ: 26–33°C ลม: 10km/h ข้อควรระวั…'
[ChatTrace] t=http cid=phase83-…6Z-W07 mode=auto route=in tool=- code=OK ms=0 q='วันนี้ กทม บางรัก และ ปทุมวัน ฝนตกช่วงไหน' a='ERR:EMPTY'
[ChatTrace] t=http cid=phase83-…6Z-W07 mode=auto route=weatherGate tool=weatherPipeline code=OK ms=5 q='วันนี้ กทม บางรัก และ ปทุมวัน ฝนตกช่วงไหน' a='ช่วงเวลา: วันนี้ (24/02/2026) สรุปสภาพอากาศ: กรุงเทพมหานคร (บางรัก + ปทุมวัน) - เขตบางรัก พื้นที่: กรุงเทพมหานคร โอกาสฝน: 40% ช่วงเวลาเสี่ยง: เช้า: สังเกตการณ์ล่าสุด (2026-02-24 11:41) | บ่าย-เย็น: พยากรณ์วันนี้ (2026-0…'
[ChatTrace] t=http cid=phase83-…6Z-W08 mode=auto route=in tool=- code=OK ms=0 q='วันนี้ กรุงเทพ หลักสี่ กับ ลาดกระบัง ฝนตกช่วงไหน' a='ERR:EMPTY'
[ChatTrace] t=http cid=phase83-…6Z-W08 mode=auto route=weatherGate tool=weatherPipeline code=OK ms=1 q='วันนี้ กรุงเทพ หลักสี่ กับ ลาดกระบัง ฝนตกช่วงไหน' a='ช่วงเวลา: วันนี้ (24/02/2026) สรุปสภาพอากาศ: กรุงเทพมหานคร (หลักสี่ + ลาดกระบัง) - เขตหลักสี่ พื้นที่: กรุงเทพมหานคร โอกาสฝน: 40% ช่วงเวลาเสี่ยง: เช้า: สังเกตการณ์ล่าสุด (2026-02-24 11:41) | บ่าย-เย็น: พยากรณ์วันนี้ (20…'
[ChatTrace] t=http cid=phase83-…6Z-W09 mode=auto route=in tool=- code=OK ms=0 q='กรุงเทพ ลักสี่ และ ลาดกระบัง อุณหภูมิเท่าไหร่' a='ERR:EMPTY'
[ChatTrace] t=http cid=phase83-…6Z-W09 mode=auto route=weatherGate tool=weatherPipeline code=OK ms=2 q='กรุงเทพ ลักสี่ และ ลาดกระบัง อุณหภูมิเท่าไหร่' a='ช่วงเวลา: วันนี้ (24/02/2026) สรุปสภาพอากาศ: กรุงเทพมหานคร (หลักสี่ + ลาดกระบัง) - เขตหลักสี่ พื้นที่: กรุงเทพมหานคร โอกาสฝน: 40% ช่วงเวลาเสี่ยง: ไม่พบข้อมูลช่วงเวลา (มีเฉพาะรายวัน) อุณหภูมิ: 26–33°C ลม: 12km/h ข้อควรระ…'
[ChatTrace] t=http cid=phase83-…6Z-W10 mode=auto route=in tool=- code=OK ms=0 q='กทม หลักสี่ และ ลาดกระบัง ลมแรงไหม' a='ERR:EMPTY'
[ChatTrace] t=http cid=phase83-…6Z-W10 mode=auto route=weatherGate tool=weatherPipeline code=OK ms=1 q='กทม หลักสี่ และ ลาดกระบัง ลมแรงไหม' a='ช่วงเวลา: วันนี้ (24/02/2026) สรุปสภาพอากาศ: กรุงเทพมหานคร (หลักสี่ + ลาดกระบัง) - เขตหลักสี่ พื้นที่: กรุงเทพมหานคร โอกาสฝน: 40% ช่วงเวลาเสี่ยง: ไม่พบข้อมูลช่วงเวลา (มีเฉพาะรายวัน) อุณหภูมิ: 26–33°C ลม: 12km/h ข้อควรระ…'
[ChatTrace] t=http cid=phase83-…6Z-W11 mode=auto route=in tool=- code=OK ms=0 q='กทม บางรัก และ ปทุมวัน วันนี้ลมแรงไหม' a='ERR:EMPTY'
[ChatTrace] t=http cid=phase83-…6Z-W11 mode=auto route=weatherGate tool=weatherPipeline code=OK ms=1 q='กทม บางรัก และ ปทุมวัน วันนี้ลมแรงไหม' a='ช่วงเวลา: วันนี้ (24/02/2026) สรุปสภาพอากาศ: กรุงเทพมหานคร (บางรัก + ปทุมวัน) - เขตบางรัก พื้นที่: กรุงเทพมหานคร โอกาสฝน: 40% ช่วงเวลาเสี่ยง: ไม่พบข้อมูลช่วงเวลา (มีเฉพาะรายวัน) อุณหภูมิ: 26–33°C ลม: 12km/h ข้อควรระวัง:…'
[ChatTrace] t=http cid=phase83-…6Z-W12 mode=auto route=in tool=- code=OK ms=0 q='กทม จตุจักร และ ปทุมวัน พรุ่งนี้ฝนตกไหม' a='ERR:EMPTY'
[ChatTrace] t=http cid=phase83-…6Z-W12 mode=auto route=weatherGate tool=weatherPipeline code=OK ms=2 q='กทม จตุจักร และ ปทุมวัน พรุ่งนี้ฝนตกไหม' a='ช่วงเวลา: พรุ่งนี้ (25/02/2026) สรุปสภาพอากาศ: กรุงเทพมหานคร (จตุจักร + ปทุมวัน) - เขตจตุจักร พื้นที่: กรุงเทพมหานคร โอกาสฝน: 30% ช่วงเวลาเสี่ยง: ไม่พบข้อมูลช่วงเวลา (มีเฉพาะรายวัน) อุณหภูมิ: 25–34°C ลม: 10km/h ข้อควรระ…'
[ChatTrace] t=http cid=phase83-…6Z-W13 mode=auto route=in tool=- code=OK ms=0 q='กรุงเทพฯ เขตบางรัก และ เขตจตุจักร วันนี้ฝน' a='ERR:EMPTY'
[ChatTrace] t=http cid=phase83-…6Z-W13 mode=auto route=weatherGate tool=weatherPipeline code=OK ms=2 q='กรุงเทพฯ เขตบางรัก และ เขตจตุจักร วันนี้ฝน' a='ช่วงเวลา: วันนี้ (24/02/2026) สรุปสภาพอากาศ: กรุงเทพมหานคร (บางรัก + จตุจักร) - เขตบางรัก พื้นที่: กรุงเทพมหานคร โอกาสฝน: 40% ช่วงเวลาเสี่ยง: ไม่พบข้อมูลช่วงเวลา (มีเฉพาะรายวัน) อุณหภูมิ: 26–33°C ลม: 12km/h ข้อควรระวัง:…'
[ChatTrace] t=http cid=phase83-…6Z-W14 mode=auto route=in tool=- code=OK ms=0 q='กทม บางรัก & จตุจักร อากาศตอนนี้' a='ERR:EMPTY'
[ChatTrace] t=http cid=phase83-…6Z-W14 mode=auto route=weatherGate tool=weatherPipeline code=OK ms=2 q='กทม บางรัก & จตุจักร อากาศตอนนี้' a='ช่วงเวลา: วันนี้ (24/02/2026) สรุปสภาพอากาศ: กรุงเทพมหานคร (บางรัก + จตุจักร) - เขตบางรัก พื้นที่: กรุงเทพมหานคร โอกาสฝน: 40% ช่วงเวลาเสี่ยง: ไม่พบข้อมูลช่วงเวลา (มีเฉพาะรายวัน) อุณหภูมิ: 26–33°C ลม: 10km/h ข้อควรระวัง:…'
[ChatTrace] t=http cid=phase83-…6Z-W15 mode=auto route=in tool=- code=OK ms=0 q='กทม หลักสี่ และ ลาดกระบัง อากาศตอนนี้' a='ERR:EMPTY'
[ChatTrace] t=http cid=phase83-…6Z-W15 mode=auto route=weatherGate tool=weatherPipeline code=OK ms=3 q='กทม หลักสี่ และ ลาดกระบัง อากาศตอนนี้' a='ช่วงเวลา: วันนี้ (24/02/2026) สรุปสภาพอากาศ: กรุงเทพมหานคร (หลักสี่ + ลาดกระบัง) - เขตหลักสี่ พื้นที่: กรุงเทพมหานคร โอกาสฝน: 40% ช่วงเวลาเสี่ยง: ไม่พบข้อมูลช่วงเวลา (มีเฉพาะรายวัน) อุณหภูมิ: 26–33°C ลม: 10km/h ข้อควรระ…'
[ChatTrace] t=http cid=phase83-…6Z-W16 mode=auto route=in tool=- code=OK ms=0 q='กรุงเทพมหานคร หลักสี่ และ ลาดกระบัง ฝนตกไหม' a='ERR:EMPTY'
[ChatTrace] t=http cid=phase83-…6Z-W16 mode=auto route=weatherGate tool=weatherPipeline code=OK ms=1 q='กรุงเทพมหานคร หลักสี่ และ ลาดกระบัง ฝนตกไหม' a='ช่วงเวลา: วันนี้ (24/02/2026) สรุปสภาพอากาศ: กรุงเทพมหานคร (หลักสี่ + ลาดกระบัง) - เขตหลักสี่ พื้นที่: กรุงเทพมหานคร โอกาสฝน: 40% ช่วงเวลาเสี่ยง: ไม่พบข้อมูลช่วงเวลา (มีเฉพาะรายวัน) อุณหภูมิ: 26–33°C ลม: 12km/h ข้อควรระ…'
[ChatTrace] t=http cid=phase83-…6Z-W17 mode=auto route=in tool=- code=OK ms=0 q='กรุงเทพ บางรัก และ ปทุมวัน พยากรณ์อากาศวันนี้' a='ERR:EMPTY'
[ChatTrace] t=http cid=phase83-…6Z-W17 mode=auto route=weatherGate tool=weatherPipeline code=OK ms=5 q='กรุงเทพ บางรัก และ ปทุมวัน พยากรณ์อากาศวันนี้' a='ช่วงเวลา: วันนี้ (24/02/2026) สรุปสภาพอากาศ: กรุงเทพมหานคร (บางรัก + ปทุมวัน) - เขตบางรัก พื้นที่: กรุงเทพมหานคร โอกาสฝน: 40% ช่วงเวลาเสี่ยง: ไม่พบข้อมูลช่วงเวลา (มีเฉพาะรายวัน) อุณหภูมิ: 26–33°C ลม: 12km/h ข้อควรระวัง:…'
[ChatTrace] t=http cid=phase83-…6Z-W18 mode=auto route=in tool=- code=OK ms=0 q='กรุงเทพ ปทุมวัน และ จตุจักร พยากรณ์อากาศวันนี้' a='ERR:EMPTY'
[ChatTrace] t=http cid=phase83-…6Z-W18 mode=auto route=weatherGate tool=weatherPipeline code=OK ms=1 q='กรุงเทพ ปทุมวัน และ จตุจักร พยากรณ์อากาศวันนี้' a='ช่วงเวลา: วันนี้ (24/02/2026) สรุปสภาพอากาศ: กรุงเทพมหานคร (ปทุมวัน + จตุจักร) - เขตปทุมวัน พื้นที่: กรุงเทพมหานคร โอกาสฝน: 40% ช่วงเวลาเสี่ยง: ไม่พบข้อมูลช่วงเวลา (มีเฉพาะรายวัน) อุณหภูมิ: 26–33°C ลม: 12km/h ข้อควรระวั…'
[ChatTrace] t=http cid=phase83-…6Z-WN1 mode=auto route=in tool=- code=OK ms=0 q='พยากรณ์อากาศ ลอนดอน วันนี้ฝนตกไหม' a='ERR:EMPTY'
[ChatTrace] t=http cid=phase83-…6Z-WN1 mode=auto route=weatherGate tool=weatherPipeline code=OK ms=6 q='พยากรณ์อากาศ ลอนดอน วันนี้ฝนตกไหม' a='กรุณาระบุจังหวัด/พื้นที่ที่ต้องการ (เช่น พรุ่งนี้เชียงใหม่ฝนตกไหม)'
[ChatTrace] t=http cid=phase83-…6Z-E01 mode=officer route=in tool=- code=OK ms=0 q='เมื่อวาน แยกตาม ISP อะไร มากที่สุด' a='ERR:EMPTY'
[ChatTrace] t=http cid=phase83-…6Z-E01 mode=officer route=officerEvidence tool=local-tools:detect_evidence_stats code=OK ms=3 q='เมื่อวาน แยกตาม ISP อะไร มากที่สุด' a='0'
[ChatTrace] t=http cid=phase83-…6Z-E02 mode=officer route=in tool=- code=OK ms=0 q='สรุปหลักฐานเมื่อวาน ISP ที่มากที่สุดคืออะไร' a='ERR:EMPTY'
[ChatTrace] t=http cid=phase83-…6Z-E02 mode=officer route=officerEvidence tool=local-tools:detect_evidence_stats code=OK ms=1 q='สรุปหลักฐานเมื่อวาน ISP ที่มากที่สุดคืออะไร' a='0'
[ChatTrace] t=http cid=phase83-…6Z-E03 mode=officer route=in tool=- code=OK ms=0 q='เมื่อวานนี้ขอ Top ISP 1-3 แล้วบอกมากที่สุด' a='ERR:EMPTY'
[ChatTrace] t=http cid=phase83-…6Z-E03 mode=officer route=officerEvidence tool=local-tools:detect_evidence_stats code=OK ms=1 q='เมื่อวานนี้ขอ Top ISP 1-3 แล้วบอกมากที่สุด' a='0'
[ChatTrace] t=http cid=phase83-…6Z-E04 mode=officer route=in tool=- code=OK ms=0 q='รายงานเมื่อวาน แยกตาม isp top 3 แล้วใครมากสุด' a='ERR:EMPTY'
[ChatTrace] t=http cid=phase83-…6Z-E04 mode=officer route=officerEvidence tool=local-tools:detect_evidence_stats code=OK ms=1 q='รายงานเมื่อวาน แยกตาม isp top 3 แล้วใครมากสุด' a='0'
[ChatTrace] t=http cid=phase83-…6Z-E05 mode=officer route=in tool=- code=OK ms=0 q='yesterday ISP most' a='ERR:EMPTY'
[ChatTrace] t=http cid=phase83-…6Z-E05 mode=officer route=officerEvidence tool=local-tools:detect_evidence_stats code=OK ms=1 q='yesterday ISP most' a='0'
