[ChatTrace] t=http cid=phase82-…6Z-G01 mode=auto route=in tool=- code=OK ms=0 q='กทม ลักสี่ อยู่เขตอะไร' a='ERR:EMPTY'
[ChatTrace] t=http cid=phase82-…6Z-G01 mode=auto route=geo tool=local-tools:thai_geo_tool code=OK ms=7 q='กทม ลักสี่ อยู่เขตอะไร' a='คำตอบ: จังหวัดกรุงเทพมหานคร'
[ChatTrace] t=http cid=phase82-…6Z-G02 mode=auto route=in tool=- code=OK ms=0 q='กรุงเทพฯ เขตลาดกระบัง อยู่จังหวัดอะไร' a='ERR:EMPTY'
[ChatTrace] t=http cid=phase82-…6Z-G02 mode=auto route=geo tool=local-tools:thai_geo_tool code=OK ms=4 q='กรุงเทพฯ เขตลาดกระบัง อยู่จังหวัดอะไร' a='คำตอบ: เขตลาดกระบัง กรุงเทพมหานคร'
[ChatTrace] t=http cid=phase82-…6Z-G03 mode=auto route=in tool=- code=OK ms=0 q='ต.บ้านใหม่ อยู่ที่ไหน' a='ERR:EMPTY'
[ChatTrace] t=http cid=phase82-…6Z-G03 mode=auto route=geo tool=local-tools:thai_geo_tool code=OK ms=2 q='ต.บ้านใหม่ อยู่ที่ไหน' a='คำตอบ: ตำบลบ้านใหม่ อำเภอเมืองปทุมธานี ปทุมธานี 12000'
[ChatTrace] t=http cid=phase82-…6Z-G04 mode=auto route=in tool=- code=OK ms=0 q='บ้านใหม่ อยู่จังหวัดไหน' a='ERR:EMPTY'
[ChatTrace] t=http cid=phase82-…6Z-G04 mode=auto route=geo tool=local-tools:thai_geo_tool code=OK ms=2 q='บ้านใหม่ อยู่จังหวัดไหน' a='พบชื่อ/พื้นที่ที่กำกวม กรุณาเลือก 1 รายการ หรือระบุเพิ่มให้ชัดเจนครับ ตัวเลือก (Top 3): - 1) ตำบลบ้านใหม่ (อำเภอเมืองปทุมธานี ปทุมธานี) - 2) ตำบลบ้านใหม่ (อำเภอบางไทร พระนครศรีอยุธยา) - 3) ตำบลบ้านใหม่ (อำเภอเมืองเชียงร…'
[ChatTrace] t=http cid=phase82-…6Z-G05 mode=auto route=in tool=- code=OK ms=0 q='ท่าช้าง อยู่จังหวัดไหน' a='ERR:EMPTY'
[ChatTrace] t=http cid=phase82-…6Z-G05 mode=auto route=geo tool=local-tools:thai_geo_tool code=OK ms=1 q='ท่าช้าง อยู่จังหวัดไหน' a='พบชื่อ/พื้นที่ที่กำกวม กรุณาเลือก 1 รายการ หรือระบุเพิ่มให้ชัดเจนครับ ตัวเลือก (Top 3): - 1) ตำบลท่าช้าง (อำเภอบางกล่ำ สงขลา) - 2) ตำบลท่าช้าง (อำเภอเมืองนครศรีธรรมราช นครศรีธรรมราช) - 3) ตำบลท่าช้าง (อำเภอบางไทร พระนคร…'
[ChatTrace] t=http cid=phase82-…6Z-G06 mode=auto route=in tool=- code=OK ms=0 q='หนองบัว อยู่ที่ไหน' a='ERR:EMPTY'
[ChatTrace] t=http cid=phase82-…6Z-G06 mode=auto route=geo tool=local-tools:thai_geo_tool code=OK ms=2 q='หนองบัว อยู่ที่ไหน' a='พบชื่อ/พื้นที่ที่กำกวม กรุณาเลือก 1 รายการ หรือระบุเพิ่มให้ชัดเจนครับ ตัวเลือก (Top 3): - 1) ตำบลหนองบัว (อำเภอคลองหลวง ปทุมธานี) - 2) ตำบลหนองบัว (อำเภอชุมแพ ขอนแก่น) - 3) ตำบลหนองบัว (อำเภอวารินชำราบ อุบลราชธานี) คำถา…'
[ChatTrace] t=http cid=phase82-…6Z-G07 mode=auto route=in tool=- code=OK ms=0 q='อำเภอเมือง อยู่จังหวัดไหน' a='ERR:EMPTY'
[ChatTrace] t=http cid=phase82-…6Z-G07 mode=auto route=geo tool=local-tools:thai_geo_tool code=OK ms=2 q='อำเภอเมือง อยู่จังหวัดไหน' a='พบชื่อ/พื้นที่ที่กำกวม กรุณาเลือก 1 รายการ หรือระบุเพิ่มให้ชัดเจนครับ ตัวเลือก (Top 3): - 1) จังหวัดขอนแก่น (ขอนแก่น) - 2) จังหวัดนครศรีธรรมราช (นครศรีธรรมราช) คำถาม: ต้องการอยู่จังหวัดไหนครับ?'
[ChatTrace] t=http cid=phase82-…6Z-G08 mode=auto route=in tool=- code=OK ms=0 q='ตรวจสอบที่อยู่: จ.พระนครศรีอยุธยา อ.บางไทร ต.บ้านใหม่ 13190 ถูกไหม' a='ERR:EMPTY'
[ChatTrace] t=http cid=phase82-…6Z-G08 mode=auto route=geo tool=local-tools:thai_geo_tool code=OK ms=2 q='ตรวจสอบที่อยู่: จ.พระนครศรีอยุธยา อ.บางไทร ต.บ้านใหม่ 13190 ถูกไหม' a='คำตอบ: แขวงหรือตำบลไม่ตรงกับเขตหรืออำเภอ'
[ChatTrace] t=http cid=phase82-…6Z-G09 mode=auto route=in tool=- code=OK ms=0 q='จัดรูปแบบที่อยู่: 99/1 ซ.1 ถ.สีลม แขวงสีลม เขตบางรัก กทม 10500' a='ERR:EMPTY'
[ChatTrace] t=http cid=phase82-…6Z-G09 mode=auto route=geo tool=local-tools:thai_geo_tool code=OK ms=1 q='จัดรูปแบบที่อยู่: 99/1 ซ.1 ถ.สีลม แขวงสีลม เขตบางรัก กทม 10500' a='คำตอบ: จัดรูปแบบที่อยู่: ซอย1 ถนนสีลม แขวงสีลม เขตบางรัก กรุงเทพมหานคร 10500'
[ChatTrace] t=http cid=phase82-…6Z-G10 mode=auto route=in tool=- code=OK ms=0 q='รหัสไปรษณีย์ ๑๐๕๐๐ อยู่เขตอะไร' a='ERR:EMPTY'
[ChatTrace] t=http cid=phase82-…6Z-G10 mode=auto route=geo tool=local-tools:thai_geo_tool code=OK ms=1 q='รหัสไปรษณีย์ ๑๐๕๐๐ อยู่เขตอะไร' a='คำตอบ: รหัสไปรษณีย์ 10500 อยู่ เขตบางรัก กรุงเทพมหานคร 10500'
[ChatTrace] t=http cid=phase82-…6Z-G11 mode=auto route=in tool=- code=OK ms=0 q='กรุงเทพ เขตลาดกระบัง' a='ERR:EMPTY'
[ChatTrace] t=http cid=phase82-…6Z-G11 mode=auto route=geo tool=local-tools:thai_geo_tool code=OK ms=1 q='กรุงเทพ เขตลาดกระบัง' a='คำตอบ: เขตลาดกระบัง กรุงเทพมหานคร'
[ChatTrace] t=http cid=phase82-…6Z-G12 mode=auto route=in tool=- code=OK ms=0 q='แขวงลุมพินี อยู่เขตอะไร' a='ERR:EMPTY'
[ChatTrace] t=http cid=phase82-…6Z-G12 mode=auto route=geo tool=local-tools:thai_geo_tool code=OK ms=1 q='แขวงลุมพินี อยู่เขตอะไร' a='คำตอบ: แขวงลุมพินี เขตปทุมวัน กรุงเทพมหานคร 10330'
[ChatTrace] t=http cid=phase82-…6Z-G13 mode=auto route=in tool=- code=OK ms=0 q='จตุจักร อยู่จังหวัดอะไร' a='ERR:EMPTY'
[ChatTrace] t=http cid=phase82-…6Z-G13 mode=auto route=geo tool=local-tools:thai_geo_tool code=OK ms=2 q='จตุจักร อยู่จังหวัดอะไร' a='คำตอบ: เขตจตุจักร กรุงเทพมหานคร'
[ChatTrace] t=http cid=phase82-…6Z-G14 mode=auto route=in tool=- code=OK ms=0 q='โคราช อยู่จังหวัดอะไร' a='ERR:EMPTY'
[ChatTrace] t=http cid=phase82-…6Z-G14 mode=auto route=geo tool=local-tools:thai_geo_tool code=OK ms=1 q='โคราช อยู่จังหวัดอะไร' a='คำตอบ: จังหวัดนครราชสีมา'
[ChatTrace] t=http cid=phase82-…6Z-G15 mode=auto route=in tool=- code=OK ms=0 q='เจียงใหม่ อยู่จังหวัดอะไร' a='ERR:EMPTY'
[ChatTrace] t=http cid=phase82-…6Z-G15 mode=auto route=geo tool=local-tools:thai_geo_tool code=OK ms=1 q='เจียงใหม่ อยู่จังหวัดอะไร' a='คำตอบ: จังหวัดเชียงใหม่'
[ChatTrace] t=http cid=phase82-…6Z-W01 mode=auto route=in tool=- code=OK ms=0 q='กทม ลักสี่ และ ลาดกระบังฯ ตอนนี้ฝนตกไหม' a='ERR:EMPTY'
[ChatTrace] t=http cid=phase82-…6Z-W01 mode=auto route=weatherGate tool=weatherPipeline code=OK ms=6 q='กทม ลักสี่ และ ลาดกระบังฯ ตอนนี้ฝนตกไหม' a='ช่วงเวลา: วันนี้ (23/02/2026) สรุปสภาพอากาศ: กรุงเทพมหานคร (หลักสี่ + ลาดกระบัง) - เขตหลักสี่ - กรุงเทพมหานคร - โอกาสฝน: 40% - อุณหภูมิ: 26–33°C - ลม: 10km/h — - เวลาอัปเดต: สังเกตการณ์ 2026-02-23 22:02 | พยากรณ์ 2026-0…'
[ChatTrace] t=http cid=phase82-…6Z-W02 mode=auto route=in tool=- code=OK ms=0 q='กรุงเทพ เขตหลักสี่, เขตลาดกระบัง วันนี้ฝนจะตกไหม' a='ERR:EMPTY'
[ChatTrace] t=http cid=phase82-…6Z-W02 mode=auto route=weatherGate tool=weatherPipeline code=OK ms=3 q='กรุงเทพ เขตหลักสี่, เขตลาดกระบัง วันนี้ฝนจะตกไหม' a='ช่วงเวลา: วันนี้ (23/02/2026) สรุปสภาพอากาศ: กรุงเทพมหานคร (หลักสี่ + ลาดกระบัง) - เขตหลักสี่ - กรุงเทพมหานคร - โอกาสฝน: 40% - อุณหภูมิ: 26–33°C - ลม: 10km/h — - เวลาอัปเดต: สังเกตการณ์ 2026-02-23 22:02 | พยากรณ์ 2026-0…'
[ChatTrace] t=http cid=phase82-…6Z-W03 mode=auto route=in tool=- code=OK ms=0 q='กรุงเทพมหานคร หลักสี่/ลาดกระบัง พรุ่งนี้อากาศเป็นไง' a='ERR:EMPTY'
[ChatTrace] t=http cid=phase82-…6Z-W03 mode=auto route=weatherGate tool=weatherPipeline code=OK ms=3 q='กรุงเทพมหานคร หลักสี่/ลาดกระบัง พรุ่งนี้อากาศเป็นไง' a='ช่วงเวลา: พรุ่งนี้ (24/02/2026) สรุปสภาพอากาศ: กรุงเทพมหานคร (หลักสี่ + ลาดกระบัง) - เขตหลักสี่ - กรุงเทพมหานคร - โอกาสฝน: 30% - อุณหภูมิ: 25–34°C - ลม: 10km/h — - เวลาอัปเดต: สังเกตการณ์ — | พยากรณ์ 2026-02-23 22:02 - …'
[ChatTrace] t=http cid=phase82-…6Z-W04 mode=auto route=in tool=- code=OK ms=0 q='กทม หลักสี่ กับ ลาดกระบัง อุณหภูมิประมาณเท่าไหร่' a='ERR:EMPTY'
[ChatTrace] t=http cid=phase82-…6Z-W04 mode=auto route=weatherGate tool=weatherPipeline code=OK ms=3 q='กทม หลักสี่ กับ ลาดกระบัง อุณหภูมิประมาณเท่าไหร่' a='ช่วงเวลา: วันนี้ (23/02/2026) สรุปสภาพอากาศ: กรุงเทพมหานคร (หลักสี่ + ลาดกระบัง) - เขตหลักสี่ - กรุงเทพมหานคร - โอกาสฝน: 40% - อุณหภูมิ: 26–33°C - ลม: 12km/h — - เวลาอัปเดต: สังเกตการณ์ — | พยากรณ์ 2026-02-23 22:02 - เข…'
[ChatTrace] t=http cid=phase82-…6Z-W05 mode=auto route=in tool=- code=OK ms=0 q='กรุงเทพ บางรัก และ ปทุมวัน ตอนนี้ฝนตกไหม' a='ERR:EMPTY'
[ChatTrace] t=http cid=phase82-…6Z-W05 mode=auto route=weatherGate tool=weatherPipeline code=OK ms=3 q='กรุงเทพ บางรัก และ ปทุมวัน ตอนนี้ฝนตกไหม' a='ช่วงเวลา: วันนี้ (23/02/2026) สรุปสภาพอากาศ: กรุงเทพมหานคร (บางรัก + ปทุมวัน) - เขตบางรัก - กรุงเทพมหานคร - โอกาสฝน: 40% - อุณหภูมิ: 26–33°C - ลม: 10km/h — - เวลาอัปเดต: สังเกตการณ์ 2026-02-23 22:02 | พยากรณ์ 2026-02-23…'
[ChatTrace] t=http cid=phase82-…6Z-W06 mode=auto route=in tool=- code=OK ms=0 q='กทม บางรัก และ จตุจักร วันนี้ฝนตกไหม' a='ERR:EMPTY'
[ChatTrace] t=http cid=phase82-…6Z-W06 mode=auto route=weatherGate tool=weatherPipeline code=OK ms=2 q='กทม บางรัก และ จตุจักร วันนี้ฝนตกไหม' a='ช่วงเวลา: วันนี้ (23/02/2026) สรุปสภาพอากาศ: กรุงเทพมหานคร (บางรัก + จตุจักร) - เขตบางรัก - กรุงเทพมหานคร - โอกาสฝน: 40% - อุณหภูมิ: 26–33°C - ลม: 10km/h — - เวลาอัปเดต: สังเกตการณ์ 2026-02-23 22:02 | พยากรณ์ 2026-02-23…'
[ChatTrace] t=http cid=phase82-…6Z-W07 mode=auto route=in tool=- code=OK ms=0 q='กรุงเทพมหานคร ปทุมวัน และ จตุจักร ตอนนี้อากาศเป็นไง' a='ERR:EMPTY'
[ChatTrace] t=http cid=phase82-…6Z-W07 mode=auto route=weatherGate tool=weatherPipeline code=OK ms=1 q='กรุงเทพมหานคร ปทุมวัน และ จตุจักร ตอนนี้อากาศเป็นไง' a='ช่วงเวลา: วันนี้ (23/02/2026) สรุปสภาพอากาศ: กรุงเทพมหานคร (ปทุมวัน + จตุจักร) - เขตปทุมวัน - กรุงเทพมหานคร - โอกาสฝน: 40% - อุณหภูมิ: 26–33°C - ลม: 10km/h — - เวลาอัปเดต: สังเกตการณ์ 2026-02-23 22:02 | พยากรณ์ 2026-02-…'
[ChatTrace] t=http cid=phase82-…6Z-W08 mode=auto route=in tool=- code=OK ms=0 q='กทม หลักสี่ และ ลาดกระบัง อากาศตอนนี้' a='ERR:EMPTY'
[ChatTrace] t=http cid=phase82-…6Z-W08 mode=auto route=weatherGate tool=weatherPipeline code=OK ms=2 q='กทม หลักสี่ และ ลาดกระบัง อากาศตอนนี้' a='ช่วงเวลา: วันนี้ (23/02/2026) สรุปสภาพอากาศ: กรุงเทพมหานคร (หลักสี่ + ลาดกระบัง) - เขตหลักสี่ - กรุงเทพมหานคร - โอกาสฝน: 40% - อุณหภูมิ: 26–33°C - ลม: 10km/h — - เวลาอัปเดต: สังเกตการณ์ 2026-02-23 22:02 | พยากรณ์ 2026-0…'
[ChatTrace] t=http cid=phase82-…6Z-W09 mode=auto route=in tool=- code=OK ms=0 q='กรุงเทพฯ เขตหลักสี่ และ เขตลาดกระบัง วันนี้ฝน' a='ERR:EMPTY'
[ChatTrace] t=http cid=phase82-…6Z-W09 mode=auto route=weatherGate tool=weatherPipeline code=OK ms=2 q='กรุงเทพฯ เขตหลักสี่ และ เขตลาดกระบัง วันนี้ฝน' a='ช่วงเวลา: วันนี้ (23/02/2026) สรุปสภาพอากาศ: กรุงเทพมหานคร (หลักสี่ + ลาดกระบัง) - เขตหลักสี่ - กรุงเทพมหานคร - โอกาสฝน: 40% - อุณหภูมิ: 26–33°C - ลม: 12km/h — - เวลาอัปเดต: สังเกตการณ์ — | พยากรณ์ 2026-02-23 22:02 - เข…'
[ChatTrace] t=http cid=phase82-…6Z-W10 mode=auto route=in tool=- code=OK ms=0 q='กรุงเทพ ลักสี่ & ลาดกระบัง ฝนตกไหม' a='ERR:EMPTY'
[ChatTrace] t=http cid=phase82-…6Z-W10 mode=auto route=weatherGate tool=weatherPipeline code=OK ms=2 q='กรุงเทพ ลักสี่ & ลาดกระบัง ฝนตกไหม' a='ช่วงเวลา: วันนี้ (23/02/2026) สรุปสภาพอากาศ: กรุงเทพมหานคร (หลักสี่ + ลาดกระบัง) - เขตหลักสี่ - กรุงเทพมหานคร - โอกาสฝน: 40% - อุณหภูมิ: 26–33°C - ลม: 12km/h — - เวลาอัปเดต: สังเกตการณ์ — | พยากรณ์ 2026-02-23 22:02 - เข…'
[ChatTrace] t=http cid=phase82-…6Z-E01 mode=officer route=in tool=- code=OK ms=0 q='เมื่อวาน แยกตาม ISP อะไร มากที่สุด' a='ERR:EMPTY'
[ChatTrace] t=http cid=phase82-…6Z-E01 mode=officer route=officerEvidence tool=local-tools:detect_evidence_stats code=OK ms=2 q='เมื่อวาน แยกตาม ISP อะไร มากที่สุด' a='0'
[ChatTrace] t=http cid=phase82-…6Z-E02 mode=officer route=in tool=- code=OK ms=0 q='สรุปหลักฐานเมื่อวาน ISP ที่มากที่สุดคืออะไร' a='ERR:EMPTY'
[ChatTrace] t=http cid=phase82-…6Z-E02 mode=officer route=officerEvidence tool=local-tools:detect_evidence_stats code=OK ms=0 q='สรุปหลักฐานเมื่อวาน ISP ที่มากที่สุดคืออะไร' a='0'
[ChatTrace] t=http cid=phase82-…6Z-E03 mode=officer route=in tool=- code=OK ms=0 q='รายงานเมื่อวาน แยกตาม isp top 3 แล้ว isp มากที่สุดคืออะไร' a='ERR:EMPTY'
[ChatTrace] t=http cid=phase82-…6Z-E03 mode=officer route=officerEvidence tool=local-tools:detect_evidence_stats code=OK ms=1 q='รายงานเมื่อวาน แยกตาม isp top 3 แล้ว isp มากที่สุดคืออะไร' a='0'
[ChatTrace] t=http cid=phase82-…6Z-E04 mode=officer route=in tool=- code=OK ms=0 q='เมื่อวานนี้ขอ breakdown ตาม ISP และบอก ISP มากที่สุด' a='ERR:EMPTY'
[ChatTrace] t=http cid=phase82-…6Z-E04 mode=officer route=officerEvidence tool=local-tools:detect_evidence_stats code=OK ms=1 q='เมื่อวานนี้ขอ breakdown ตาม ISP และบอก ISP มากที่สุด' a='0'
[ChatTrace] t=http cid=phase82-…6Z-E05 mode=officer route=in tool=- code=OK ms=0 q='หลักฐานเมื่อวาน แยกตามผู้ให้บริการ (ISP) มากที่สุด' a='ERR:EMPTY'
[ChatTrace] t=http cid=phase82-…6Z-E05 mode=officer route=officerEvidence tool=local-tools:detect_evidence_stats code=OK ms=1 q='หลักฐานเมื่อวาน แยกตามผู้ให้บริการ (ISP) มากที่สุด' a='0'
[ChatTrace] t=http cid=phase82-…6Z-E06 mode=officer route=in tool=- code=OK ms=0 q='เมื่อวาน แยกตาม ISP สูงสุดคืออะไร' a='ERR:EMPTY'
[ChatTrace] t=http cid=phase82-…6Z-E06 mode=officer route=officerEvidence tool=local-tools:detect_evidence_stats code=OK ms=1 q='เมื่อวาน แยกตาม ISP สูงสุดคืออะไร' a='0'
[ChatTrace] t=http cid=phase82-…6Z-E07 mode=officer route=in tool=- code=OK ms=0 q='ช่วยสรุปเมื่อวาน แยกตาม isp และบอกมากที่สุด' a='ERR:EMPTY'
[ChatTrace] t=http cid=phase82-…6Z-E07 mode=officer route=officerEvidence tool=local-tools:detect_evidence_stats code=OK ms=0 q='ช่วยสรุปเมื่อวาน แยกตาม isp และบอกมากที่สุด' a='0'
[ChatTrace] t=http cid=phase82-…6Z-E08 mode=officer route=in tool=- code=OK ms=0 q='เมื่อวานนี้ ISP มากที่สุดกี่รายการ' a='ERR:EMPTY'
[ChatTrace] t=http cid=phase82-…6Z-E08 mode=officer route=officerEvidence tool=local-tools:detect_evidence_stats code=OK ms=2 q='เมื่อวานนี้ ISP มากที่สุดกี่รายการ' a='0'
[ChatTrace] t=http cid=phase82-…6Z-E09 mode=officer route=in tool=- code=OK ms=0 q='yesterday ISP most' a='ERR:EMPTY'
[ChatTrace] t=http cid=phase82-…6Z-E09 mode=officer route=officerEvidence tool=local-tools:detect_evidence_stats code=OK ms=1 q='yesterday ISP most' a='0'
[ChatTrace] t=http cid=phase82-…6Z-E10 mode=officer route=in tool=- code=OK ms=0 q='ขอ top ISP เมื่อวาน + ISP มากที่สุด' a='ERR:EMPTY'
[ChatTrace] t=http cid=phase82-…6Z-E10 mode=officer route=officerEvidence tool=local-tools:detect_evidence_stats code=OK ms=1 q='ขอ top ISP เมื่อวาน + ISP มากที่สุด' a='0'
